This job can be monitored from: https://scruffy.c3se.chalmers.se/d/alvis-job/alvis-job?var-jobid=881461&from=1679453528000
################################################################################
Running slurm job
################################################################################
INFO:    underlay of /usr/bin/nvidia-smi required more than 50 (564) bind mounts
INFO:    underlay of /usr/share/lmod/lmod required more than 50 (92) bind mounts
SEED:  tensor([205])
CIFAR mode:  CIFAR10
stochastic method:  multiswag
Corruption [0:16] fog.npy, level 0
Corruption [0:16] fog.npy, level 1
Corruption [0:16] fog.npy, level 2
Corruption [0:16] fog.npy, level 3
Corruption [0:16] fog.npy, level 4
Corruption [1:16] zoom_blur.npy, level 0
Corruption [1:16] zoom_blur.npy, level 1
Corruption [1:16] zoom_blur.npy, level 2
Corruption [1:16] zoom_blur.npy, level 3
Corruption [1:16] zoom_blur.npy, level 4
Corruption [2:16] speckle_noise.npy, level 0
Corruption [2:16] speckle_noise.npy, level 1
Corruption [2:16] speckle_noise.npy, level 2
Corruption [2:16] speckle_noise.npy, level 3
Corruption [2:16] speckle_noise.npy, level 4
Corruption [3:16] glass_blur.npy, level 0
Corruption [3:16] glass_blur.npy, level 1
Corruption [3:16] glass_blur.npy, level 2
Corruption [3:16] glass_blur.npy, level 3
Corruption [3:16] glass_blur.npy, level 4
Corruption [4:16] spatter.npy, level 0
Corruption [4:16] spatter.npy, level 1
Corruption [4:16] spatter.npy, level 2
Corruption [4:16] spatter.npy, level 3
Corruption [4:16] spatter.npy, level 4
Corruption [5:16] shot_noise.npy, level 0
Corruption [5:16] shot_noise.npy, level 1
Corruption [5:16] shot_noise.npy, level 2
Corruption [5:16] shot_noise.npy, level 3
Corruption [5:16] shot_noise.npy, level 4
Corruption [6:16] defocus_blur.npy, level 0
Corruption [6:16] defocus_blur.npy, level 1
Corruption [6:16] defocus_blur.npy, level 2
Corruption [6:16] defocus_blur.npy, level 3
Corruption [6:16] defocus_blur.npy, level 4
Corruption [7:16] elastic_transform.npy, level 0
Corruption [7:16] elastic_transform.npy, level 1
Corruption [7:16] elastic_transform.npy, level 2
Corruption [7:16] elastic_transform.npy, level 3
Corruption [7:16] elastic_transform.npy, level 4
Corruption [8:16] gaussian_blur.npy, level 0
Corruption [8:16] gaussian_blur.npy, level 1
Corruption [8:16] gaussian_blur.npy, level 2
Corruption [8:16] gaussian_blur.npy, level 3
Corruption [8:16] gaussian_blur.npy, level 4
Corruption [9:16] frost.npy, level 0
Corruption [9:16] frost.npy, level 1
Corruption [9:16] frost.npy, level 2
Corruption [9:16] frost.npy, level 3
Corruption [9:16] frost.npy, level 4
Corruption [10:16] saturate.npy, level 0
Corruption [10:16] saturate.npy, level 1
Corruption [10:16] saturate.npy, level 2
Corruption [10:16] saturate.npy, level 3
Corruption [10:16] saturate.npy, level 4
Corruption [11:16] brightness.npy, level 0
Corruption [11:16] brightness.npy, level 1
Corruption [11:16] brightness.npy, level 2
Corruption [11:16] brightness.npy, level 3
Corruption [11:16] brightness.npy, level 4
Corruption [12:16] gaussian_noise.npy, level 0
Corruption [12:16] gaussian_noise.npy, level 1
Corruption [12:16] gaussian_noise.npy, level 2
Corruption [12:16] gaussian_noise.npy, level 3
Corruption [12:16] gaussian_noise.npy, level 4
Corruption [13:16] contrast.npy, level 0
Corruption [13:16] contrast.npy, level 1
Corruption [13:16] contrast.npy, level 2
Corruption [13:16] contrast.npy, level 3
Corruption [13:16] contrast.npy, level 4
Corruption [14:16] impulse_noise.npy, level 0
Corruption [14:16] impulse_noise.npy, level 1
Corruption [14:16] impulse_noise.npy, level 2
Corruption [14:16] impulse_noise.npy, level 3
Corruption [14:16] impulse_noise.npy, level 4
Corruption [15:16] pixelate.npy, level 0
Corruption [15:16] pixelate.npy, level 1
Corruption [15:16] pixelate.npy, level 2
Corruption [15:16] pixelate.npy, level 3
Corruption [15:16] pixelate.npy, level 4
TEST SET ENSEMBLE: Avg. predictive loss: 1.0108, Accuracy: 7944/10000 (79%)

AUC ROC CIFAR10 + CIFAR100: 0.7713

AUC ROC CIFAR10 + SVHN: 0.7320

ECE: 0.3436

TEST SET ENSEMBLE: Corruption: fog.npy, Level: 0,  Avg. predictive loss: 1.0182, Accuracy: 7893/10000 (79%)

TEST SET ENSEMBLE: Corruption: fog.npy, Level: 1,  Avg. predictive loss: 1.0483, Accuracy: 7783/10000 (78%)

TEST SET ENSEMBLE: Corruption: fog.npy, Level: 2,  Avg. predictive loss: 1.0893, Accuracy: 7521/10000 (75%)

TEST SET ENSEMBLE: Corruption: fog.npy, Level: 3,  Avg. predictive loss: 1.1555, Accuracy: 7243/10000 (72%)

TEST SET ENSEMBLE: Corruption: fog.npy, Level: 4,  Avg. predictive loss: 1.3614, Accuracy: 6157/10000 (62%)

TEST SET ENSEMBLE: Corruption: zoom_blur.npy, Level: 0,  Avg. predictive loss: 1.0736, Accuracy: 7573/10000 (76%)

TEST SET ENSEMBLE: Corruption: zoom_blur.npy, Level: 1,  Avg. predictive loss: 1.1022, Accuracy: 7367/10000 (74%)

TEST SET ENSEMBLE: Corruption: zoom_blur.npy, Level: 2,  Avg. predictive loss: 1.1559, Accuracy: 7110/10000 (71%)

TEST SET ENSEMBLE: Corruption: zoom_blur.npy, Level: 3,  Avg. predictive loss: 1.2196, Accuracy: 6798/10000 (68%)

TEST SET ENSEMBLE: Corruption: zoom_blur.npy, Level: 4,  Avg. predictive loss: 1.3162, Accuracy: 6318/10000 (63%)

TEST SET ENSEMBLE: Corruption: speckle_noise.npy, Level: 0,  Avg. predictive loss: 1.1238, Accuracy: 7377/10000 (74%)

TEST SET ENSEMBLE: Corruption: speckle_noise.npy, Level: 1,  Avg. predictive loss: 1.2690, Accuracy: 6740/10000 (67%)

TEST SET ENSEMBLE: Corruption: speckle_noise.npy, Level: 2,  Avg. predictive loss: 1.3441, Accuracy: 6423/10000 (64%)

TEST SET ENSEMBLE: Corruption: speckle_noise.npy, Level: 3,  Avg. predictive loss: 1.5091, Accuracy: 5740/10000 (57%)

TEST SET ENSEMBLE: Corruption: speckle_noise.npy, Level: 4,  Avg. predictive loss: 1.6511, Accuracy: 5089/10000 (51%)

TEST SET ENSEMBLE: Corruption: glass_blur.npy, Level: 0,  Avg. predictive loss: 1.5623, Accuracy: 5425/10000 (54%)

TEST SET ENSEMBLE: Corruption: glass_blur.npy, Level: 1,  Avg. predictive loss: 1.5527, Accuracy: 5500/10000 (55%)

TEST SET ENSEMBLE: Corruption: glass_blur.npy, Level: 2,  Avg. predictive loss: 1.5033, Accuracy: 5716/10000 (57%)

TEST SET ENSEMBLE: Corruption: glass_blur.npy, Level: 3,  Avg. predictive loss: 1.7479, Accuracy: 4596/10000 (46%)

TEST SET ENSEMBLE: Corruption: glass_blur.npy, Level: 4,  Avg. predictive loss: 1.7052, Accuracy: 4700/10000 (47%)

TEST SET ENSEMBLE: Corruption: spatter.npy, Level: 0,  Avg. predictive loss: 1.1151, Accuracy: 7578/10000 (76%)

TEST SET ENSEMBLE: Corruption: spatter.npy, Level: 1,  Avg. predictive loss: 1.2407, Accuracy: 7064/10000 (71%)

TEST SET ENSEMBLE: Corruption: spatter.npy, Level: 2,  Avg. predictive loss: 1.3303, Accuracy: 6641/10000 (66%)

TEST SET ENSEMBLE: Corruption: spatter.npy, Level: 3,  Avg. predictive loss: 1.2547, Accuracy: 7029/10000 (70%)

TEST SET ENSEMBLE: Corruption: spatter.npy, Level: 4,  Avg. predictive loss: 1.3963, Accuracy: 6361/10000 (64%)

TEST SET ENSEMBLE: Corruption: shot_noise.npy, Level: 0,  Avg. predictive loss: 1.1201, Accuracy: 7415/10000 (74%)

TEST SET ENSEMBLE: Corruption: shot_noise.npy, Level: 1,  Avg. predictive loss: 1.2036, Accuracy: 7028/10000 (70%)

TEST SET ENSEMBLE: Corruption: shot_noise.npy, Level: 2,  Avg. predictive loss: 1.4128, Accuracy: 6077/10000 (61%)

TEST SET ENSEMBLE: Corruption: shot_noise.npy, Level: 3,  Avg. predictive loss: 1.4967, Accuracy: 5735/10000 (57%)

TEST SET ENSEMBLE: Corruption: shot_noise.npy, Level: 4,  Avg. predictive loss: 1.6404, Accuracy: 5095/10000 (51%)

TEST SET ENSEMBLE: Corruption: defocus_blur.npy, Level: 0,  Avg. predictive loss: 1.0059, Accuracy: 7967/10000 (80%)

TEST SET ENSEMBLE: Corruption: defocus_blur.npy, Level: 1,  Avg. predictive loss: 1.0132, Accuracy: 7874/10000 (79%)

TEST SET ENSEMBLE: Corruption: defocus_blur.npy, Level: 2,  Avg. predictive loss: 1.0509, Accuracy: 7630/10000 (76%)

TEST SET ENSEMBLE: Corruption: defocus_blur.npy, Level: 3,  Avg. predictive loss: 1.1336, Accuracy: 7131/10000 (71%)

TEST SET ENSEMBLE: Corruption: defocus_blur.npy, Level: 4,  Avg. predictive loss: 1.2947, Accuracy: 6193/10000 (62%)

TEST SET ENSEMBLE: Corruption: elastic_transform.npy, Level: 0,  Avg. predictive loss: 1.1217, Accuracy: 7455/10000 (75%)

TEST SET ENSEMBLE: Corruption: elastic_transform.npy, Level: 1,  Avg. predictive loss: 1.1077, Accuracy: 7486/10000 (75%)

TEST SET ENSEMBLE: Corruption: elastic_transform.npy, Level: 2,  Avg. predictive loss: 1.1354, Accuracy: 7289/10000 (73%)

TEST SET ENSEMBLE: Corruption: elastic_transform.npy, Level: 3,  Avg. predictive loss: 1.2356, Accuracy: 6920/10000 (69%)

TEST SET ENSEMBLE: Corruption: elastic_transform.npy, Level: 4,  Avg. predictive loss: 1.3336, Accuracy: 6558/10000 (66%)

TEST SET ENSEMBLE: Corruption: gaussian_blur.npy, Level: 0,  Avg. predictive loss: 1.0061, Accuracy: 7971/10000 (80%)

TEST SET ENSEMBLE: Corruption: gaussian_blur.npy, Level: 1,  Avg. predictive loss: 1.0532, Accuracy: 7628/10000 (76%)

TEST SET ENSEMBLE: Corruption: gaussian_blur.npy, Level: 2,  Avg. predictive loss: 1.1203, Accuracy: 7190/10000 (72%)

TEST SET ENSEMBLE: Corruption: gaussian_blur.npy, Level: 3,  Avg. predictive loss: 1.2073, Accuracy: 6708/10000 (67%)

TEST SET ENSEMBLE: Corruption: gaussian_blur.npy, Level: 4,  Avg. predictive loss: 1.4174, Accuracy: 5491/10000 (55%)

TEST SET ENSEMBLE: Corruption: frost.npy, Level: 0,  Avg. predictive loss: 1.1221, Accuracy: 7382/10000 (74%)

TEST SET ENSEMBLE: Corruption: frost.npy, Level: 1,  Avg. predictive loss: 1.2217, Accuracy: 6967/10000 (70%)

TEST SET ENSEMBLE: Corruption: frost.npy, Level: 2,  Avg. predictive loss: 1.3652, Accuracy: 6266/10000 (63%)

TEST SET ENSEMBLE: Corruption: frost.npy, Level: 3,  Avg. predictive loss: 1.3779, Accuracy: 6178/10000 (62%)

TEST SET ENSEMBLE: Corruption: frost.npy, Level: 4,  Avg. predictive loss: 1.4999, Accuracy: 5595/10000 (56%)

TEST SET ENSEMBLE: Corruption: saturate.npy, Level: 0,  Avg. predictive loss: 1.1001, Accuracy: 7567/10000 (76%)

TEST SET ENSEMBLE: Corruption: saturate.npy, Level: 1,  Avg. predictive loss: 1.1830, Accuracy: 7172/10000 (72%)

TEST SET ENSEMBLE: Corruption: saturate.npy, Level: 2,  Avg. predictive loss: 1.0178, Accuracy: 7879/10000 (79%)

TEST SET ENSEMBLE: Corruption: saturate.npy, Level: 3,  Avg. predictive loss: 1.0624, Accuracy: 7693/10000 (77%)

TEST SET ENSEMBLE: Corruption: saturate.npy, Level: 4,  Avg. predictive loss: 1.1202, Accuracy: 7458/10000 (75%)

TEST SET ENSEMBLE: Corruption: brightness.npy, Level: 0,  Avg. predictive loss: 1.0139, Accuracy: 7928/10000 (79%)

TEST SET ENSEMBLE: Corruption: brightness.npy, Level: 1,  Avg. predictive loss: 1.0233, Accuracy: 7859/10000 (79%)

TEST SET ENSEMBLE: Corruption: brightness.npy, Level: 2,  Avg. predictive loss: 1.0392, Accuracy: 7764/10000 (78%)

TEST SET ENSEMBLE: Corruption: brightness.npy, Level: 3,  Avg. predictive loss: 1.0616, Accuracy: 7682/10000 (77%)

TEST SET ENSEMBLE: Corruption: brightness.npy, Level: 4,  Avg. predictive loss: 1.1209, Accuracy: 7415/10000 (74%)

TEST SET ENSEMBLE: Corruption: gaussian_noise.npy, Level: 0,  Avg. predictive loss: 1.1831, Accuracy: 7163/10000 (72%)

TEST SET ENSEMBLE: Corruption: gaussian_noise.npy, Level: 1,  Avg. predictive loss: 1.3486, Accuracy: 6425/10000 (64%)

TEST SET ENSEMBLE: Corruption: gaussian_noise.npy, Level: 2,  Avg. predictive loss: 1.5195, Accuracy: 5599/10000 (56%)

TEST SET ENSEMBLE: Corruption: gaussian_noise.npy, Level: 3,  Avg. predictive loss: 1.5975, Accuracy: 5307/10000 (53%)

TEST SET ENSEMBLE: Corruption: gaussian_noise.npy, Level: 4,  Avg. predictive loss: 1.6790, Accuracy: 4850/10000 (48%)

TEST SET ENSEMBLE: Corruption: contrast.npy, Level: 0,  Avg. predictive loss: 1.0168, Accuracy: 7917/10000 (79%)

TEST SET ENSEMBLE: Corruption: contrast.npy, Level: 1,  Avg. predictive loss: 1.0656, Accuracy: 7623/10000 (76%)

TEST SET ENSEMBLE: Corruption: contrast.npy, Level: 2,  Avg. predictive loss: 1.1176, Accuracy: 7318/10000 (73%)

TEST SET ENSEMBLE: Corruption: contrast.npy, Level: 3,  Avg. predictive loss: 1.2109, Accuracy: 6823/10000 (68%)

TEST SET ENSEMBLE: Corruption: contrast.npy, Level: 4,  Avg. predictive loss: 1.5747, Accuracy: 4993/10000 (50%)

TEST SET ENSEMBLE: Corruption: impulse_noise.npy, Level: 0,  Avg. predictive loss: 1.2306, Accuracy: 7082/10000 (71%)

TEST SET ENSEMBLE: Corruption: impulse_noise.npy, Level: 1,  Avg. predictive loss: 1.3965, Accuracy: 6341/10000 (63%)

TEST SET ENSEMBLE: Corruption: impulse_noise.npy, Level: 2,  Avg. predictive loss: 1.5339, Accuracy: 5729/10000 (57%)

TEST SET ENSEMBLE: Corruption: impulse_noise.npy, Level: 3,  Avg. predictive loss: 1.7627, Accuracy: 4682/10000 (47%)

TEST SET ENSEMBLE: Corruption: impulse_noise.npy, Level: 4,  Avg. predictive loss: 1.9313, Accuracy: 3910/10000 (39%)

TEST SET ENSEMBLE: Corruption: pixelate.npy, Level: 0,  Avg. predictive loss: 1.0919, Accuracy: 7543/10000 (75%)

TEST SET ENSEMBLE: Corruption: pixelate.npy, Level: 1,  Avg. predictive loss: 1.1632, Accuracy: 7227/10000 (72%)

TEST SET ENSEMBLE: Corruption: pixelate.npy, Level: 2,  Avg. predictive loss: 1.1891, Accuracy: 7116/10000 (71%)

TEST SET ENSEMBLE: Corruption: pixelate.npy, Level: 3,  Avg. predictive loss: 1.2845, Accuracy: 6563/10000 (66%)

TEST SET ENSEMBLE: Corruption: pixelate.npy, Level: 4,  Avg. predictive loss: 1.4682, Accuracy: 5584/10000 (56%)

